<?xml version="1.0" encoding="UTF-8"?>
<!-- Generated by org.testng.reporters.JUnitReportReporter -->
<testsuite hostname="LTIN555231" failures="0" tests="1" name="testCases.searchCourse" time="10.215" errors="0" timestamp="2025-08-19T18:36:56 IST" skipped="0">
  <testcase classname="testCases.searchCourse" name="courseList" time="10.215"/>
</testsuite> <!-- testCases.searchCourse -->
