<?xml version="1.0" encoding="UTF-8"?>
<!-- Generated by org.testng.reporters.JUnitReportReporter -->
<testsuite hostname="LTIN555231" failures="0" tests="1" name="testCases.TC_002_SearchLanguages" time="23.353" errors="0" timestamp="2025-09-01T15:00:32 IST" skipped="0">
  <testcase classname="testCases.TC_002_SearchLanguages" name="courseList" time="23.353"/>
</testsuite> <!-- testCases.TC_002_SearchLanguages -->
