<?xml version="1.0" encoding="UTF-8"?>
<!-- Generated by org.testng.reporters.JUnitReportReporter -->
<testsuite hostname="LTIN555231" failures="0" tests="2" name="testCases.TC_003_EnterpriseFormValidation" time="14.784" errors="0" timestamp="2025-09-01T14:36:56 IST" skipped="0">
  <testcase classname="testCases.TC_003_EnterpriseFormValidation" name="openEnterprisePage" time="8.018"/>
  <testcase classname="testCases.TC_003_EnterpriseFormValidation" name="courseList" time="6.766"/>
</testsuite> <!-- testCases.TC_003_EnterpriseFormValidation -->
