<?xml version="1.0" encoding="UTF-8"?>
<!-- Generated by org.testng.reporters.JUnitReportReporter -->
<testsuite hostname="LTIN555231" failures="0" tests="1" name="testCases.forLanguage" time="25.728" errors="0" timestamp="2025-08-21T10:06:58 IST" skipped="0">
  <testcase classname="testCases.forLanguage" name="courseList" time="25.728"/>
</testsuite> <!-- testCases.forLanguage -->
