<?xml version="1.0" encoding="UTF-8"?>
<!-- Generated by org.testng.reporters.JUnitReportReporter -->
<testsuite hostname="LTIN555231" failures="0" tests="1" name="testCases.forLanguage" time="25.797" errors="0" timestamp="2025-08-19T18:36:56 IST" skipped="0">
  <testcase classname="testCases.forLanguage" name="courseList" time="25.797"/>
</testsuite> <!-- testCases.forLanguage -->
