<?xml version="1.0" encoding="UTF-8"?>
<!-- Generated by org.testng.reporters.JUnitReportReporter -->
<testsuite hostname="LTIN555231" failures="0" tests="2" name="testCases.EnterpriseFormValidation" time="16.499" errors="0" timestamp="2025-08-21T10:06:58 IST" skipped="0">
  <testcase classname="testCases.EnterpriseFormValidation" name="openEnterprisePage" time="9.123"/>
  <testcase classname="testCases.EnterpriseFormValidation" name="courseList" time="7.376"/>
</testsuite> <!-- testCases.EnterpriseFormValidation -->
