<?xml version="1.0" encoding="UTF-8"?>
<!-- Generated by org.testng.reporters.JUnitReportReporter -->
<testsuite hostname="LTIN555231" failures="0" tests="2" name="testCases.EnterpriseFormValidation" time="16.070" errors="0" timestamp="2025-08-19T18:36:56 IST" skipped="0">
  <testcase classname="testCases.EnterpriseFormValidation" name="openEnterprisePage" time="9.613"/>
  <testcase classname="testCases.EnterpriseFormValidation" name="courseList" time="6.457"/>
</testsuite> <!-- testCases.EnterpriseFormValidation -->
