<?xml version="1.0" encoding="UTF-8"?>
<!-- Generated by org.testng.reporters.JUnitReportReporter -->
<testsuite hostname="LTIN555231" failures="0" tests="2" name="testCases.TC_003_EnterpriseFormValidation" time="14.069" errors="0" timestamp="2025-08-29T10:52:45 IST" skipped="0">
  <testcase classname="testCases.TC_003_EnterpriseFormValidation" name="openEnterprisePage" time="6.612"/>
  <testcase classname="testCases.TC_003_EnterpriseFormValidation" name="courseList" time="7.457"/>
</testsuite> <!-- testCases.TC_003_EnterpriseFormValidation -->
