<?xml version="1.0" encoding="UTF-8"?>
<!-- Generated by org.testng.reporters.JUnitReportReporter -->
<testsuite hostname="LTIN555231" failures="0" tests="1" name="testCases.forLanguage" time="24.064" errors="0" timestamp="2025-08-20T17:24:15 IST" skipped="0">
  <testcase classname="testCases.forLanguage" name="courseList" time="24.064"/>
</testsuite> <!-- testCases.forLanguage -->
