<?xml version="1.0" encoding="UTF-8"?>
<!-- Generated by org.testng.reporters.JUnitReportReporter -->
<testsuite hostname="LTIN555231" failures="0" tests="2" name="testCases.EnterpriseFormValidation" time="16.564" errors="0" timestamp="2025-08-20T17:24:15 IST" skipped="0">
  <testcase classname="testCases.EnterpriseFormValidation" name="openEnterprisePage" time="8.009"/>
  <testcase classname="testCases.EnterpriseFormValidation" name="courseList" time="8.555"/>
</testsuite> <!-- testCases.EnterpriseFormValidation -->
