<?xml version="1.0" encoding="UTF-8"?>
<!-- Generated by org.testng.reporters.JUnitReportReporter -->
<testsuite hostname="LTIN555231" failures="0" tests="2" name="testCases.TC_003_EnterpriseFormValidation" time="13.953" errors="0" timestamp="2025-09-01T15:23:56 IST" skipped="0">
  <testcase classname="testCases.TC_003_EnterpriseFormValidation" name="openEnterprisePage" time="7.339"/>
  <testcase classname="testCases.TC_003_EnterpriseFormValidation" name="courseList" time="6.614"/>
</testsuite> <!-- testCases.TC_003_EnterpriseFormValidation -->
