<?xml version="1.0" encoding="UTF-8"?>
<!-- Generated by org.testng.reporters.JUnitReportReporter -->
<testsuite hostname="LTIN555231" failures="0" tests="1" name="testCases.TC_001_SearchCourse" time="7.502" errors="0" timestamp="2025-08-29T10:52:45 IST" skipped="0">
  <testcase classname="testCases.TC_001_SearchCourse" name="courseList" time="7.502"/>
</testsuite> <!-- testCases.TC_001_SearchCourse -->
