<?xml version="1.0" encoding="UTF-8"?>
<!-- Generated by org.testng.reporters.JUnitReportReporter -->
<testsuite hostname="LTIN555231" failures="0" tests="1" name="testCases.TC_001_SearchCourse" time="7.504" errors="0" timestamp="2025-09-01T15:23:56 IST" skipped="0">
  <testcase classname="testCases.TC_001_SearchCourse" name="courseList" time="7.504"/>
</testsuite> <!-- testCases.TC_001_SearchCourse -->
