<?xml version="1.0" encoding="UTF-8"?>
<!-- Generated by org.testng.reporters.JUnitReportReporter -->
<testsuite hostname="LTIN555231" failures="0" tests="1" name="testCases.TC_002_SearchLanguages" time="22.519" errors="0" timestamp="2025-08-29T10:52:45 IST" skipped="0">
  <testcase classname="testCases.TC_002_SearchLanguages" name="courseList" time="22.519"/>
</testsuite> <!-- testCases.TC_002_SearchLanguages -->
