<?xml version="1.0" encoding="UTF-8"?>
<!-- Generated by org.testng.reporters.JUnitReportReporter -->
<testsuite hostname="LTIN555231" failures="0" tests="2" name="testCases.EnterpriseFormValidation" time="113.058" errors="0" timestamp="2025-08-19T21:31:40 IST" skipped="0">
  <testcase classname="testCases.EnterpriseFormValidation" name="openEnterprisePage" time="102.346"/>
  <testcase classname="testCases.EnterpriseFormValidation" name="courseList" time="10.712"/>
</testsuite> <!-- testCases.EnterpriseFormValidation -->
