<?xml version="1.0" encoding="UTF-8"?>
<!-- Generated by org.testng.reporters.JUnitReportReporter -->
<testsuite hostname="LTIN555231" failures="0" tests="1" name="testCases.searchCourse" time="9.290" errors="0" timestamp="2025-08-20T17:24:15 IST" skipped="0">
  <testcase classname="testCases.searchCourse" name="courseList" time="9.290"/>
</testsuite> <!-- testCases.searchCourse -->
