<?xml version="1.0" encoding="UTF-8"?>
<!-- Generated by org.testng.reporters.JUnitReportReporter -->
<testsuite hostname="LTIN555231" failures="0" tests="1" name="testCases.searchCourse" time="16.508" errors="0" timestamp="2025-08-19T21:31:40 IST" skipped="0">
  <testcase classname="testCases.searchCourse" name="courseList" time="16.508"/>
</testsuite> <!-- testCases.searchCourse -->
